2016-05-29 17:25:50,428 INFO: Gentlemen, start your engines!...
2016-05-29 17:26:19,479 INFO: Gentlemen, start your engines!...
2016-05-29 17:27:35,878 INFO: Gentlemen, start your engines!...
2016-05-29 17:27:36,711 INFO: Temperature is 23.25, target is 50, difference is -26.75, heater running False
2016-05-29 17:27:36,716 INFO: Turning heater on
2016-05-29 17:27:42,551 INFO: Temperature is 23.25, target is 50, difference is -26.75, heater running False
2016-05-29 17:27:42,556 INFO: Turning heater on
2016-05-29 17:27:48,391 INFO: Temperature is 23.25, target is 50, difference is -26.75, heater running False
2016-05-29 17:27:48,396 INFO: Turning heater on
2016-05-29 17:27:54,231 INFO: Temperature is 23.25, target is 50, difference is -26.75, heater running False
2016-05-29 17:27:54,236 INFO: Turning heater on
2016-05-29 17:29:44,466 INFO: Gentlemen, start your engines!...
2016-05-29 17:29:45,291 INFO: Temperature is 23.25, target is 50, difference is -26.75, heater running False
2016-05-29 17:29:45,296 INFO: Turning heater on
2016-05-29 17:29:51,131 INFO: Temperature is 23.25, target is 50, difference is -26.75, heater running False
2016-05-29 17:29:51,136 INFO: Turning heater on
2016-05-29 17:29:56,971 INFO: Temperature is 23.25, target is 50, difference is -26.75, heater running False
2016-05-29 17:29:56,982 INFO: Turning heater on
2016-05-29 17:30:02,821 INFO: Temperature is 23.25, target is 50, difference is -26.75, heater running False
2016-05-29 17:30:02,826 INFO: Turning heater on
2016-05-29 17:34:47,329 INFO: Gentlemen, start your engines!...
2016-05-29 17:34:48,181 INFO: Temperature is 23.25, target is 50, difference is -26.75, heater running False
2016-05-29 17:35:42,190 INFO: Gentlemen, start your engines!...
2016-05-29 17:52:09,816 INFO: Gentlemen, start your engines!...
2016-05-29 17:53:05,463 INFO: Gentlemen, start your engines!...
2016-05-29 18:05:20,217 INFO: Gentlemen, start your engines!...
2016-05-29 18:05:21,051 INFO: Temperature is 23.187, target is 50, difference is -26.813, heater running False
2016-05-29 18:05:21,056 INFO: Turning heater onFalse
2016-05-29 18:05:21,062 INFO: Turning heater on2True
2016-05-29 18:05:26,891 INFO: Temperature is 23.187, target is 50, difference is -26.813, heater running True
2016-05-29 18:05:32,721 INFO: Temperature is 23.187, target is 50, difference is -26.813, heater running True
2016-05-29 18:08:05,822 INFO: Gentlemen, start your engines!...
2016-05-29 18:08:06,651 INFO: Temperature is 23.187, target is 50, difference is -26.813, heater running False
2016-05-29 18:08:06,656 INFO: Turning heater onFalse
2016-05-29 18:08:12,491 INFO: Temperature is 23.187, target is 50, difference is -26.813, heater running True
2016-05-29 18:09:29,557 INFO: Gentlemen, start your engines!...
2016-05-29 18:09:30,391 INFO: Temperature is 23.187, target is 50, difference is -26.813, heater running False
2016-05-29 18:09:30,396 INFO: Turning heater on
2016-05-29 18:09:36,231 INFO: Temperature is 23.187, target is 50, difference is -26.813, heater running True
2016-05-29 18:09:42,061 INFO: Temperature is 23.187, target is 50, difference is -26.813, heater running True
2016-05-29 18:09:47,901 INFO: Temperature is 23.187, target is 50, difference is -26.813, heater running True
2016-05-29 18:09:53,731 INFO: Temperature is 23.187, target is 50, difference is -26.813, heater running True
2016-05-29 18:09:59,561 INFO: Temperature is 23.187, target is 50, difference is -26.813, heater running True
2016-05-29 18:15:52,906 INFO: Gentlemen, start your engines!...
2016-05-29 18:27:54,814 INFO: Gentlemen, start your engines!...
2016-05-29 18:27:55,667 INFO: Temperature is 24.687, target is 50, difference is -25.313, heater running False
2016-05-29 18:27:55,672 INFO: Turning heater on
2016-05-29 18:37:50,035 INFO: Gentlemen, start your engines!...
2016-05-29 18:37:50,867 INFO: Temperature is 24.875, target is 50, difference is -25.125, heater running False
2016-05-29 18:37:50,872 INFO: Turning heater on
2016-05-29 18:37:56,707 INFO: Temperature is 24.875, target is 50, difference is -25.125, heater running True
2016-05-29 18:38:02,557 INFO: Temperature is 24.875, target is 50, difference is -25.125, heater running True
2016-05-29 18:38:08,387 INFO: Temperature is 24.875, target is 50, difference is -25.125, heater running True
2016-05-29 18:38:14,217 INFO: Temperature is 24.875, target is 50, difference is -25.125, heater running True
2016-05-29 18:38:20,057 INFO: Temperature is 24.937, target is 50, difference is -25.063, heater running True
2016-05-29 18:38:25,897 INFO: Temperature is 24.875, target is 50, difference is -25.125, heater running True
2016-05-29 18:38:31,727 INFO: Temperature is 24.875, target is 50, difference is -25.125, heater running True
2016-05-29 18:38:37,557 INFO: Temperature is 24.937, target is 50, difference is -25.063, heater running True
2016-05-29 18:38:43,387 INFO: Temperature is 25.062, target is 50, difference is -24.938, heater running True
2016-05-29 18:38:49,228 INFO: Temperature is 25.5, target is 50, difference is -24.5, heater running True
2016-05-29 18:38:55,057 INFO: Temperature is 26.312, target is 50, difference is -23.688, heater running True
2016-05-29 18:39:00,897 INFO: Temperature is 27.0, target is 50, difference is -23.0, heater running True
2016-05-29 18:39:06,727 INFO: Temperature is 27.562, target is 50, difference is -22.438, heater running True
2016-05-29 18:39:12,557 INFO: Temperature is 28.125, target is 50, difference is -21.875, heater running True
2016-05-29 18:39:18,387 INFO: Temperature is 28.687, target is 50, difference is -21.313, heater running True
2016-05-29 18:39:24,217 INFO: Temperature is 29.187, target is 50, difference is -20.813, heater running True
2016-05-29 18:39:30,047 INFO: Temperature is 29.687, target is 50, difference is -20.313, heater running True
2016-05-29 18:39:35,887 INFO: Temperature is 30.125, target is 50, difference is -19.875, heater running True
2016-05-29 18:39:41,718 INFO: Temperature is 30.562, target is 50, difference is -19.438, heater running True
2016-05-29 18:39:47,547 INFO: Temperature is 31.062, target is 50, difference is -18.938, heater running True
2016-05-29 18:39:53,377 INFO: Temperature is 31.437, target is 50, difference is -18.563, heater running True
2016-05-29 18:39:59,207 INFO: Temperature is 31.437, target is 50, difference is -18.563, heater running True
2016-05-29 18:40:05,047 INFO: Temperature is 32.187, target is 50, difference is -17.813, heater running True
2016-05-29 18:40:10,917 INFO: Temperature is 32.625, target is 50, difference is -17.375, heater running True
2016-05-29 18:40:16,747 INFO: Temperature is 32.937, target is 50, difference is -17.063, heater running True
2016-05-29 18:40:22,577 INFO: Temperature is 33.25, target is 50, difference is -16.75, heater running True
2016-05-29 18:40:28,407 INFO: Temperature is 33.562, target is 50, difference is -16.438, heater running True
2016-05-29 18:40:34,247 INFO: Temperature is 33.812, target is 50, difference is -16.188, heater running True
2016-05-29 18:40:40,077 INFO: Temperature is 34.062, target is 50, difference is -15.938, heater running True
2016-05-29 18:40:45,917 INFO: Temperature is 34.312, target is 50, difference is -15.688, heater running True
2016-05-29 18:40:51,757 INFO: Temperature is 34.562, target is 50, difference is -15.438, heater running True
2016-05-29 18:40:57,587 INFO: Temperature is 34.812, target is 50, difference is -15.188, heater running True
2016-05-29 18:41:03,417 INFO: Temperature is 35.0, target is 50, difference is -15.0, heater running True
2016-05-29 18:41:09,247 INFO: Temperature is 35.187, target is 50, difference is -14.813, heater running True
2016-05-29 18:41:15,087 INFO: Temperature is 35.437, target is 50, difference is -14.563, heater running True
2016-05-29 18:41:20,927 INFO: Temperature is 35.75, target is 50, difference is -14.25, heater running True
2016-05-29 18:41:26,757 INFO: Temperature is 35.937, target is 50, difference is -14.063, heater running True
2016-05-29 18:41:32,587 INFO: Temperature is 36.125, target is 50, difference is -13.875, heater running True
2016-05-29 18:41:38,417 INFO: Temperature is 36.25, target is 50, difference is -13.75, heater running True
2016-05-29 18:41:44,247 INFO: Temperature is 36.437, target is 50, difference is -13.563, heater running True
2016-05-29 18:41:50,077 INFO: Temperature is 36.625, target is 50, difference is -13.375, heater running True
2016-05-29 18:41:55,917 INFO: Temperature is 36.812, target is 50, difference is -13.188, heater running True
2016-05-29 18:42:01,747 INFO: Temperature is 36.937, target is 50, difference is -13.063, heater running True
2016-05-29 18:42:07,577 INFO: Temperature is 37.062, target is 50, difference is -12.938, heater running True
2016-05-29 18:42:13,407 INFO: Temperature is 37.25, target is 50, difference is -12.75, heater running True
2016-05-29 18:42:19,237 INFO: Temperature is 37.437, target is 50, difference is -12.563, heater running True
2016-05-29 18:42:25,067 INFO: Temperature is 37.562, target is 50, difference is -12.438, heater running True
2016-05-29 18:42:30,907 INFO: Temperature is 37.562, target is 50, difference is -12.438, heater running True
2016-05-29 18:42:36,738 INFO: Temperature is 37.75, target is 50, difference is -12.25, heater running True
2016-05-29 18:42:42,567 INFO: Temperature is 37.937, target is 50, difference is -12.063, heater running True
2016-05-29 18:42:48,417 INFO: Temperature is 38.062, target is 50, difference is -11.938, heater running True
2016-05-29 18:42:54,247 INFO: Temperature is 38.25, target is 50, difference is -11.75, heater running True
2016-05-29 18:43:00,077 INFO: Temperature is 38.375, target is 50, difference is -11.625, heater running True
2016-05-29 18:43:05,917 INFO: Temperature is 38.562, target is 50, difference is -11.438, heater running True
2016-05-29 18:43:11,747 INFO: Temperature is 38.687, target is 50, difference is -11.313, heater running True
2016-05-29 18:43:17,577 INFO: Temperature is 38.875, target is 50, difference is -11.125, heater running True
2016-05-29 18:43:23,407 INFO: Temperature is 39.0, target is 50, difference is -11.0, heater running True
2016-05-29 18:43:29,237 INFO: Temperature is 39.187, target is 50, difference is -10.813, heater running True
2016-05-29 18:43:35,087 INFO: Temperature is 39.312, target is 50, difference is -10.688, heater running True
2016-05-29 18:43:40,927 INFO: Temperature is 39.5, target is 50, difference is -10.5, heater running True
2016-05-29 18:43:46,769 INFO: Temperature is 39.687, target is 50, difference is -10.313, heater running True
2016-05-29 18:43:52,597 INFO: Temperature is 39.875, target is 50, difference is -10.125, heater running True
2016-05-29 18:43:58,427 INFO: Temperature is 40.062, target is 50, difference is -9.938, heater running True
2016-05-29 18:44:04,257 INFO: Temperature is 40.312, target is 50, difference is -9.688, heater running True
2016-05-29 18:44:10,087 INFO: Temperature is 40.562, target is 50, difference is -9.438, heater running True
2016-05-29 18:44:15,927 INFO: Temperature is 40.75, target is 50, difference is -9.25, heater running True
2016-05-29 18:44:21,757 INFO: Temperature is 40.875, target is 50, difference is -9.125, heater running True
2016-05-29 18:44:27,587 INFO: Temperature is 41.0, target is 50, difference is -9.0, heater running True
2016-05-29 18:44:33,417 INFO: Temperature is 41.187, target is 50, difference is -8.813, heater running True
2016-05-29 18:44:39,247 INFO: Temperature is 41.312, target is 50, difference is -8.688, heater running True
2016-05-29 18:44:45,077 INFO: Temperature is 41.437, target is 50, difference is -8.563, heater running True
2016-05-29 18:44:50,917 INFO: Temperature is 41.562, target is 50, difference is -8.438, heater running True
2016-05-29 18:44:56,747 INFO: Temperature is 41.75, target is 50, difference is -8.25, heater running True
2016-05-29 18:45:02,583 INFO: Temperature is 41.875, target is 50, difference is -8.125, heater running True
2016-05-29 18:45:08,417 INFO: Temperature is 42.125, target is 50, difference is -7.875, heater running True
2016-05-29 18:45:14,247 INFO: Temperature is 42.312, target is 50, difference is -7.688, heater running True
2016-05-29 18:45:20,077 INFO: Temperature is 42.5, target is 50, difference is -7.5, heater running True
2016-05-29 18:45:25,917 INFO: Temperature is 42.625, target is 50, difference is -7.375, heater running True
2016-05-29 18:45:31,747 INFO: Temperature is 42.812, target is 50, difference is -7.188, heater running True
2016-05-29 18:45:37,577 INFO: Temperature is 42.937, target is 50, difference is -7.063, heater running True
2016-05-29 18:45:43,407 INFO: Temperature is 43.125, target is 50, difference is -6.875, heater running True
2016-05-29 18:45:49,237 INFO: Temperature is 43.25, target is 50, difference is -6.75, heater running True
2016-05-29 18:45:55,067 INFO: Temperature is 43.437, target is 50, difference is -6.563, heater running True
2016-05-29 18:46:00,907 INFO: Temperature is 43.562, target is 50, difference is -6.438, heater running True
2016-05-29 18:46:06,737 INFO: Temperature is 43.75, target is 50, difference is -6.25, heater running True
2016-05-29 18:46:12,567 INFO: Temperature is 43.875, target is 50, difference is -6.125, heater running True
2016-05-29 18:46:18,397 INFO: Temperature is 44.0, target is 50, difference is -6.0, heater running True
2016-05-29 18:46:24,228 INFO: Temperature is 44.062, target is 50, difference is -5.938, heater running True
2016-05-29 18:46:30,057 INFO: Temperature is 44.187, target is 50, difference is -5.813, heater running True
2016-05-29 18:46:35,897 INFO: Temperature is 44.312, target is 50, difference is -5.688, heater running True
2016-05-29 18:46:41,727 INFO: Temperature is 44.562, target is 50, difference is -5.438, heater running True
2016-05-29 18:46:47,557 INFO: Temperature is 44.625, target is 50, difference is -5.375, heater running True
2016-05-29 18:46:53,387 INFO: Temperature is 44.75, target is 50, difference is -5.25, heater running True
2016-05-29 18:46:59,217 INFO: Temperature is 44.812, target is 50, difference is -5.188, heater running True
2016-05-29 18:47:05,057 INFO: Temperature is 45.0, target is 50, difference is -5.0, heater running True
2016-05-29 18:47:10,937 INFO: Temperature is 45.187, target is 50, difference is -4.813, heater running True
2016-05-29 18:47:16,767 INFO: Temperature is 45.312, target is 50, difference is -4.688, heater running True
2016-05-29 18:47:22,607 INFO: Temperature is 45.437, target is 50, difference is -4.563, heater running True
2016-05-29 18:47:28,437 INFO: Temperature is 45.625, target is 50, difference is -4.375, heater running True
2016-05-29 18:47:34,267 INFO: Temperature is 45.812, target is 50, difference is -4.188, heater running True
2016-05-29 18:47:40,097 INFO: Temperature is 46.0, target is 50, difference is -4.0, heater running True
2016-05-29 18:47:45,937 INFO: Temperature is 46.125, target is 50, difference is -3.875, heater running True
2016-05-29 18:47:51,779 INFO: Temperature is 46.187, target is 50, difference is -3.813, heater running True
2016-05-29 18:47:57,617 INFO: Temperature is 46.312, target is 50, difference is -3.688, heater running True
2016-05-29 18:48:03,447 INFO: Temperature is 46.437, target is 50, difference is -3.563, heater running True
2016-05-29 18:48:09,277 INFO: Temperature is 46.562, target is 50, difference is -3.438, heater running True
2016-05-29 18:48:15,107 INFO: Temperature is 46.687, target is 50, difference is -3.313, heater running True
2016-05-29 18:48:20,947 INFO: Temperature is 46.812, target is 50, difference is -3.188, heater running True
2016-05-29 18:48:26,777 INFO: Temperature is 46.875, target is 50, difference is -3.125, heater running True
2016-05-29 18:48:32,607 INFO: Temperature is 47.0, target is 50, difference is -3.0, heater running True
2016-05-29 18:48:38,437 INFO: Temperature is 47.125, target is 50, difference is -2.875, heater running True
2016-05-29 18:48:44,267 INFO: Temperature is 47.312, target is 50, difference is -2.688, heater running True
2016-05-29 18:48:50,097 INFO: Temperature is 47.437, target is 50, difference is -2.563, heater running True
2016-05-29 18:48:55,977 INFO: Temperature is 47.562, target is 50, difference is -2.438, heater running True
2016-05-29 18:49:01,817 INFO: Temperature is 47.75, target is 50, difference is -2.25, heater running True
2016-05-29 18:49:07,647 INFO: Temperature is 47.937, target is 50, difference is -2.063, heater running True
2016-05-29 18:49:13,477 INFO: Temperature is 48.062, target is 50, difference is -1.938, heater running True
2016-05-29 18:49:19,307 INFO: Temperature is 48.25, target is 50, difference is -1.75, heater running True
2016-05-29 18:49:25,137 INFO: Temperature is 48.375, target is 50, difference is -1.625, heater running True
2016-05-29 18:49:30,967 INFO: Temperature is 48.562, target is 50, difference is -1.438, heater running True
2016-05-29 18:49:36,797 INFO: Temperature is 48.687, target is 50, difference is -1.313, heater running True
2016-05-29 18:49:42,627 INFO: Temperature is 48.875, target is 50, difference is -1.125, heater running True
2016-05-29 18:49:48,467 INFO: Temperature is 49.0, target is 50, difference is -1.0, heater running True
2016-05-29 18:49:54,297 INFO: Temperature is 49.125, target is 50, difference is -0.875, heater running True
2016-05-29 18:50:00,127 INFO: Temperature is 49.25, target is 50, difference is -0.75, heater running True
2016-05-29 18:50:05,968 INFO: Temperature is 49.375, target is 50, difference is -0.625, heater running True
2016-05-29 18:50:11,797 INFO: Temperature is 49.5, target is 50, difference is -0.5, heater running True
2016-05-29 18:50:17,627 INFO: Temperature is 49.625, target is 50, difference is -0.375, heater running True
2016-05-29 18:50:23,457 INFO: Temperature is 49.75, target is 50, difference is -0.25, heater running True
2016-05-29 18:50:29,287 INFO: Temperature is 49.937, target is 50, difference is -0.063, heater running True
2016-05-29 18:50:35,117 INFO: Temperature is 50.062, target is 50, difference is 0.062, heater running True
2016-05-29 18:50:40,957 INFO: Temperature is 50.187, target is 50, difference is 0.187, heater running True
2016-05-29 18:50:46,807 INFO: Temperature is 50.375, target is 50, difference is 0.375, heater running True
2016-05-29 18:50:52,637 INFO: Temperature is 50.5, target is 50, difference is 0.5, heater running True
2016-05-29 18:50:58,467 INFO: Temperature is 50.687, target is 50, difference is 0.687, heater running True
2016-05-29 18:51:04,297 INFO: Temperature is 50.812, target is 50, difference is 0.812, heater running True
2016-05-29 18:51:10,127 INFO: Temperature is 51.0, target is 50, difference is 1.0, heater running True
2016-05-29 18:51:15,967 INFO: Temperature is 51.125, target is 50, difference is 1.125, heater running True
2016-05-29 18:51:21,797 INFO: Temperature is 51.25, target is 50, difference is 1.25, heater running True
2016-05-29 18:51:27,627 INFO: Temperature is 51.312, target is 50, difference is 1.312, heater running True
2016-05-29 18:51:33,477 INFO: Temperature is 51.5, target is 50, difference is 1.5, heater running True
2016-05-29 18:51:39,307 INFO: Temperature is 51.625, target is 50, difference is 1.625, heater running True
2016-05-29 18:51:45,137 INFO: Temperature is 51.75, target is 50, difference is 1.75, heater running True
2016-05-29 18:51:50,977 INFO: Temperature is 51.937, target is 50, difference is 1.937, heater running True
2016-05-29 18:51:56,807 INFO: Temperature is 52.125, target is 50, difference is 2.125, heater running True
2016-05-29 18:52:02,657 INFO: Temperature is 52.312, target is 50, difference is 2.312, heater running True
2016-05-29 18:52:08,487 INFO: Temperature is 52.437, target is 50, difference is 2.437, heater running True
2016-05-29 18:52:14,317 INFO: Temperature is 52.625, target is 50, difference is 2.625, heater running True
2016-05-29 18:52:20,147 INFO: Temperature is 52.75, target is 50, difference is 2.75, heater running True
2016-05-29 18:52:25,977 INFO: Temperature is 52.875, target is 50, difference is 2.875, heater running True
2016-05-29 18:52:31,807 INFO: Temperature is 53.062, target is 50, difference is 3.062, heater running True
2016-05-29 18:52:37,637 INFO: Temperature is 53.187, target is 50, difference is 3.187, heater running True
2016-05-29 18:52:43,467 INFO: Temperature is 53.312, target is 50, difference is 3.312, heater running True
2016-05-29 18:52:49,297 INFO: Temperature is 53.437, target is 50, difference is 3.437, heater running True
2016-05-29 18:52:55,127 INFO: Temperature is 53.562, target is 50, difference is 3.562, heater running True
2016-05-29 18:53:00,967 INFO: Temperature is 53.687, target is 50, difference is 3.687, heater running True
2016-05-29 18:53:06,797 INFO: Temperature is 53.812, target is 50, difference is 3.812, heater running True
2016-05-29 18:53:12,627 INFO: Temperature is 54.0, target is 50, difference is 4.0, heater running True
2016-05-29 18:53:18,457 INFO: Temperature is 54.125, target is 50, difference is 4.125, heater running True
2016-05-29 18:53:24,287 INFO: Temperature is 54.25, target is 50, difference is 4.25, heater running True
2016-05-29 18:53:30,127 INFO: Temperature is 54.312, target is 50, difference is 4.312, heater running True
2016-05-29 18:53:35,967 INFO: Temperature is 54.437, target is 50, difference is 4.437, heater running True
2016-05-29 18:53:41,797 INFO: Temperature is 54.625, target is 50, difference is 4.625, heater running True
2016-05-29 18:53:47,627 INFO: Temperature is 54.75, target is 50, difference is 4.75, heater running True
2016-05-29 18:53:53,457 INFO: Temperature is 54.875, target is 50, difference is 4.875, heater running True
2016-05-29 18:53:59,287 INFO: Temperature is 55.0, target is 50, difference is 5.0, heater running True
2016-05-29 18:54:05,117 INFO: Temperature is 55.125, target is 50, difference is 5.125, heater running True
2016-05-29 18:54:05,128 INFO: Turning heater off
2016-05-29 18:54:10,967 INFO: Temperature is 55.25, target is 50, difference is 5.25, heater running False
2016-05-29 18:54:16,797 INFO: Temperature is 55.375, target is 50, difference is 5.375, heater running False
2016-05-29 18:54:22,627 INFO: Temperature is 55.437, target is 50, difference is 5.437, heater running False
2016-05-29 18:54:28,457 INFO: Temperature is 55.625, target is 50, difference is 5.625, heater running False
2016-05-29 18:54:34,287 INFO: Temperature is 55.75, target is 50, difference is 5.75, heater running False
2016-05-29 18:54:40,117 INFO: Temperature is 55.812, target is 50, difference is 5.812, heater running False
2016-05-29 18:54:45,957 INFO: Temperature is 55.875, target is 50, difference is 5.875, heater running False
2016-05-29 18:54:51,797 INFO: Temperature is 56.0, target is 50, difference is 6.0, heater running False
2016-05-29 18:54:57,627 INFO: Temperature is 56.062, target is 50, difference is 6.062, heater running False
2016-05-29 18:55:03,457 INFO: Temperature is 56.062, target is 50, difference is 6.062, heater running False
2016-05-29 18:55:09,287 INFO: Temperature is 56.125, target is 50, difference is 6.125, heater running False
2016-05-29 18:55:15,117 INFO: Temperature is 56.187, target is 50, difference is 6.187, heater running False
2016-05-29 18:55:20,957 INFO: Temperature is 56.25, target is 50, difference is 6.25, heater running False
